TimeQuest Timing Analyzer report for Armario
Thu Nov 23 01:19:13 2017
Quartus II 64-Bit Version 13.0.0 Build 156 04/24/2013 SJ Web Edition


---------------------
; Table of Contents ;
---------------------
  1. Legal Notice
  2. TimeQuest Timing Analyzer Summary
  3. Parallel Compilation
  4. Clocks
  5. Slow Model Fmax Summary
  6. Slow Model Setup Summary
  7. Slow Model Hold Summary
  8. Slow Model Recovery Summary
  9. Slow Model Removal Summary
 10. Slow Model Minimum Pulse Width Summary
 11. Slow Model Recovery: 'enM'
 12. Slow Model Removal: 'enM'
 13. Slow Model Minimum Pulse Width: 'enM'
 14. Setup Times
 15. Hold Times
 16. Clock to Output Times
 17. Minimum Clock to Output Times
 18. Propagation Delay
 19. Minimum Propagation Delay
 20. Fast Model Setup Summary
 21. Fast Model Hold Summary
 22. Fast Model Recovery Summary
 23. Fast Model Removal Summary
 24. Fast Model Minimum Pulse Width Summary
 25. Fast Model Recovery: 'enM'
 26. Fast Model Removal: 'enM'
 27. Fast Model Minimum Pulse Width: 'enM'
 28. Setup Times
 29. Hold Times
 30. Clock to Output Times
 31. Minimum Clock to Output Times
 32. Propagation Delay
 33. Minimum Propagation Delay
 34. Multicorner Timing Analysis Summary
 35. Setup Times
 36. Hold Times
 37. Clock to Output Times
 38. Minimum Clock to Output Times
 39. Progagation Delay
 40. Minimum Progagation Delay
 41. Recovery Transfers
 42. Removal Transfers
 43. Report TCCS
 44. Report RSKM
 45. Unconstrained Paths
 46. TimeQuest Timing Analyzer Messages



----------------
; Legal Notice ;
----------------
Copyright (C) 1991-2013 Altera Corporation
Your use of Altera Corporation's design tools, logic functions 
and other software and tools, and its AMPP partner logic 
functions, and any output files from any of the foregoing 
(including device programming or simulation files), and any 
associated documentation or information are expressly subject 
to the terms and conditions of the Altera Program License 
Subscription Agreement, Altera MegaCore Function License 
Agreement, or other applicable license agreement, including, 
without limitation, that your use is for the sole purpose of 
programming logic devices manufactured by Altera and sold by 
Altera or its authorized distributors.  Please refer to the 
applicable agreement for further details.



+-------------------------------------------------------------------------+
; TimeQuest Timing Analyzer Summary                                       ;
+--------------------+----------------------------------------------------+
; Quartus II Version ; Version 13.0.0 Build 156 04/24/2013 SJ Web Edition ;
; Revision Name      ; Armario                                            ;
; Device Family      ; Cyclone II                                         ;
; Device Name        ; EP2C35F672C6                                       ;
; Timing Models      ; Final                                              ;
; Delay Model        ; Combined                                           ;
; Rise/Fall Delays   ; Unavailable                                        ;
+--------------------+----------------------------------------------------+


Parallel compilation was disabled, but you have multiple processors available. Enable parallel compilation to reduce compilation time.
+-------------------------------------+
; Parallel Compilation                ;
+----------------------------+--------+
; Processors                 ; Number ;
+----------------------------+--------+
; Number detected on machine ; 4      ;
; Maximum allowed            ; 1      ;
+----------------------------+--------+


+---------------------------------------------------------------------------------------------------------------------------------------------------------------------------------+
; Clocks                                                                                                                                                                          ;
+------------+------+--------+------------+-------+-------+------------+-----------+-------------+-------+--------+-----------+------------+----------+--------+--------+---------+
; Clock Name ; Type ; Period ; Frequency  ; Rise  ; Fall  ; Duty Cycle ; Divide by ; Multiply by ; Phase ; Offset ; Edge List ; Edge Shift ; Inverted ; Master ; Source ; Targets ;
+------------+------+--------+------------+-------+-------+------------+-----------+-------------+-------+--------+-----------+------------+----------+--------+--------+---------+
; enM        ; Base ; 1.000  ; 1000.0 MHz ; 0.000 ; 0.500 ;            ;           ;             ;       ;        ;           ;            ;          ;        ;        ; { enM } ;
+------------+------+--------+------------+-------+-------+------------+-----------+-------------+-------+--------+-----------+------------+----------+--------+--------+---------+


---------------------------
; Slow Model Fmax Summary ;
---------------------------
No paths to report.


----------------------------
; Slow Model Setup Summary ;
----------------------------
No paths to report.


---------------------------
; Slow Model Hold Summary ;
---------------------------
No paths to report.


+-------------------------------+
; Slow Model Recovery Summary   ;
+-------+-------+---------------+
; Clock ; Slack ; End Point TNS ;
+-------+-------+---------------+
; enM   ; 0.005 ; 0.000         ;
+-------+-------+---------------+


+-------------------------------+
; Slow Model Removal Summary    ;
+-------+-------+---------------+
; Clock ; Slack ; End Point TNS ;
+-------+-------+---------------+
; enM   ; 0.265 ; 0.000         ;
+-------+-------+---------------+


+----------------------------------------+
; Slow Model Minimum Pulse Width Summary ;
+-------+--------+-----------------------+
; Clock ; Slack  ; End Point TNS         ;
+-------+--------+-----------------------+
; enM   ; -1.222 ; -6.222                ;
+-------+--------+-----------------------+


+----------------------------------------------------------------------------------------------------------------------------+
; Slow Model Recovery: 'enM'                                                                                                 ;
+-------+-----------+----------------------------------+--------------+-------------+--------------+------------+------------+
; Slack ; From Node ; To Node                          ; Launch Clock ; Latch Clock ; Relationship ; Clock Skew ; Data Delay ;
+-------+-----------+----------------------------------+--------------+-------------+--------------+------------+------------+
; 0.005 ; enM       ; Reg4Bits:regSenha1|FF_D:FF_B0|QS ; enM          ; enM         ; 0.500        ; 4.443      ; 4.974      ;
; 0.005 ; enM       ; Reg4Bits:regSenha1|FF_D:FF_B1|QS ; enM          ; enM         ; 0.500        ; 4.443      ; 4.974      ;
; 0.005 ; enM       ; Reg4Bits:regSenha1|FF_D:FF_B2|QS ; enM          ; enM         ; 0.500        ; 4.443      ; 4.974      ;
; 0.005 ; enM       ; Reg4Bits:regSenha1|FF_D:FF_B3|QS ; enM          ; enM         ; 0.500        ; 4.443      ; 4.974      ;
; 0.505 ; enM       ; Reg4Bits:regSenha1|FF_D:FF_B0|QS ; enM          ; enM         ; 1.000        ; 4.443      ; 4.974      ;
; 0.505 ; enM       ; Reg4Bits:regSenha1|FF_D:FF_B1|QS ; enM          ; enM         ; 1.000        ; 4.443      ; 4.974      ;
; 0.505 ; enM       ; Reg4Bits:regSenha1|FF_D:FF_B2|QS ; enM          ; enM         ; 1.000        ; 4.443      ; 4.974      ;
; 0.505 ; enM       ; Reg4Bits:regSenha1|FF_D:FF_B3|QS ; enM          ; enM         ; 1.000        ; 4.443      ; 4.974      ;
+-------+-----------+----------------------------------+--------------+-------------+--------------+------------+------------+


+----------------------------------------------------------------------------------------------------------------------------+
; Slow Model Removal: 'enM'                                                                                                  ;
+-------+-----------+----------------------------------+--------------+-------------+--------------+------------+------------+
; Slack ; From Node ; To Node                          ; Launch Clock ; Latch Clock ; Relationship ; Clock Skew ; Data Delay ;
+-------+-----------+----------------------------------+--------------+-------------+--------------+------------+------------+
; 0.265 ; enM       ; Reg4Bits:regSenha1|FF_D:FF_B0|QS ; enM          ; enM         ; 0.000        ; 4.443      ; 4.974      ;
; 0.265 ; enM       ; Reg4Bits:regSenha1|FF_D:FF_B1|QS ; enM          ; enM         ; 0.000        ; 4.443      ; 4.974      ;
; 0.265 ; enM       ; Reg4Bits:regSenha1|FF_D:FF_B2|QS ; enM          ; enM         ; 0.000        ; 4.443      ; 4.974      ;
; 0.265 ; enM       ; Reg4Bits:regSenha1|FF_D:FF_B3|QS ; enM          ; enM         ; 0.000        ; 4.443      ; 4.974      ;
; 0.765 ; enM       ; Reg4Bits:regSenha1|FF_D:FF_B0|QS ; enM          ; enM         ; -0.500       ; 4.443      ; 4.974      ;
; 0.765 ; enM       ; Reg4Bits:regSenha1|FF_D:FF_B1|QS ; enM          ; enM         ; -0.500       ; 4.443      ; 4.974      ;
; 0.765 ; enM       ; Reg4Bits:regSenha1|FF_D:FF_B2|QS ; enM          ; enM         ; -0.500       ; 4.443      ; 4.974      ;
; 0.765 ; enM       ; Reg4Bits:regSenha1|FF_D:FF_B3|QS ; enM          ; enM         ; -0.500       ; 4.443      ; 4.974      ;
+-------+-----------+----------------------------------+--------------+-------------+--------------+------------+------------+


+-------------------------------------------------------------------------------------------------------------------+
; Slow Model Minimum Pulse Width: 'enM'                                                                             ;
+--------+--------------+----------------+------------------+-------+------------+----------------------------------+
; Slack  ; Actual Width ; Required Width ; Type             ; Clock ; Clock Edge ; Target                           ;
+--------+--------------+----------------+------------------+-------+------------+----------------------------------+
; -1.222 ; 1.000        ; 2.222          ; Port Rate        ; enM   ; Rise       ; enM                              ;
; -0.500 ; 0.500        ; 1.000          ; High Pulse Width ; enM   ; Rise       ; AbreFecha:abreFecha1|Sp          ;
; -0.500 ; 0.500        ; 1.000          ; Low Pulse Width  ; enM   ; Rise       ; AbreFecha:abreFecha1|Sp          ;
; -0.500 ; 0.500        ; 1.000          ; High Pulse Width ; enM   ; Fall       ; Reg4Bits:regSenha1|FF_D:FF_B0|QS ;
; -0.500 ; 0.500        ; 1.000          ; Low Pulse Width  ; enM   ; Fall       ; Reg4Bits:regSenha1|FF_D:FF_B0|QS ;
; -0.500 ; 0.500        ; 1.000          ; High Pulse Width ; enM   ; Fall       ; Reg4Bits:regSenha1|FF_D:FF_B1|QS ;
; -0.500 ; 0.500        ; 1.000          ; Low Pulse Width  ; enM   ; Fall       ; Reg4Bits:regSenha1|FF_D:FF_B1|QS ;
; -0.500 ; 0.500        ; 1.000          ; High Pulse Width ; enM   ; Fall       ; Reg4Bits:regSenha1|FF_D:FF_B2|QS ;
; -0.500 ; 0.500        ; 1.000          ; Low Pulse Width  ; enM   ; Fall       ; Reg4Bits:regSenha1|FF_D:FF_B2|QS ;
; -0.500 ; 0.500        ; 1.000          ; High Pulse Width ; enM   ; Fall       ; Reg4Bits:regSenha1|FF_D:FF_B3|QS ;
; -0.500 ; 0.500        ; 1.000          ; Low Pulse Width  ; enM   ; Fall       ; Reg4Bits:regSenha1|FF_D:FF_B3|QS ;
; 0.500  ; 0.500        ; 0.000          ; High Pulse Width ; enM   ; Rise       ; abreFecha1|Sp|clk                ;
; 0.500  ; 0.500        ; 0.000          ; Low Pulse Width  ; enM   ; Rise       ; abreFecha1|Sp|clk                ;
; 0.500  ; 0.500        ; 0.000          ; High Pulse Width ; enM   ; Rise       ; e_fechar|combout                 ;
; 0.500  ; 0.500        ; 0.000          ; Low Pulse Width  ; enM   ; Rise       ; e_fechar|combout                 ;
; 0.500  ; 0.500        ; 0.000          ; High Pulse Width ; enM   ; Rise       ; e_fechar|datad                   ;
; 0.500  ; 0.500        ; 0.000          ; Low Pulse Width  ; enM   ; Rise       ; e_fechar|datad                   ;
; 0.500  ; 0.500        ; 0.000          ; High Pulse Width ; enM   ; Fall       ; e_ss|combout                     ;
; 0.500  ; 0.500        ; 0.000          ; Low Pulse Width  ; enM   ; Fall       ; e_ss|combout                     ;
; 0.500  ; 0.500        ; 0.000          ; High Pulse Width ; enM   ; Rise       ; e_ss|datad                       ;
; 0.500  ; 0.500        ; 0.000          ; Low Pulse Width  ; enM   ; Rise       ; e_ss|datad                       ;
; 0.500  ; 0.500        ; 0.000          ; High Pulse Width ; enM   ; Fall       ; e_ss~clkctrl|inclk[0]            ;
; 0.500  ; 0.500        ; 0.000          ; Low Pulse Width  ; enM   ; Fall       ; e_ss~clkctrl|inclk[0]            ;
; 0.500  ; 0.500        ; 0.000          ; High Pulse Width ; enM   ; Fall       ; e_ss~clkctrl|outclk              ;
; 0.500  ; 0.500        ; 0.000          ; Low Pulse Width  ; enM   ; Fall       ; e_ss~clkctrl|outclk              ;
; 0.500  ; 0.500        ; 0.000          ; High Pulse Width ; enM   ; Rise       ; enM|combout                      ;
; 0.500  ; 0.500        ; 0.000          ; Low Pulse Width  ; enM   ; Rise       ; enM|combout                      ;
; 0.500  ; 0.500        ; 0.000          ; High Pulse Width ; enM   ; Fall       ; regSenha1|FF_B0|QS|clk           ;
; 0.500  ; 0.500        ; 0.000          ; Low Pulse Width  ; enM   ; Fall       ; regSenha1|FF_B0|QS|clk           ;
; 0.500  ; 0.500        ; 0.000          ; High Pulse Width ; enM   ; Fall       ; regSenha1|FF_B1|QS|clk           ;
; 0.500  ; 0.500        ; 0.000          ; Low Pulse Width  ; enM   ; Fall       ; regSenha1|FF_B1|QS|clk           ;
; 0.500  ; 0.500        ; 0.000          ; High Pulse Width ; enM   ; Fall       ; regSenha1|FF_B2|QS|clk           ;
; 0.500  ; 0.500        ; 0.000          ; Low Pulse Width  ; enM   ; Fall       ; regSenha1|FF_B2|QS|clk           ;
; 0.500  ; 0.500        ; 0.000          ; High Pulse Width ; enM   ; Fall       ; regSenha1|FF_B3|QS|clk           ;
; 0.500  ; 0.500        ; 0.000          ; Low Pulse Width  ; enM   ; Fall       ; regSenha1|FF_B3|QS|clk           ;
+--------+--------------+----------------+------------------+-------+------------+----------------------------------+


+-------------------------------------------------------------------------+
; Setup Times                                                             ;
+-----------+------------+--------+--------+------------+-----------------+
; Data Port ; Clock Port ; Rise   ; Fall   ; Clock Edge ; Clock Reference ;
+-----------+------------+--------+--------+------------+-----------------+
; s[*]      ; enM        ; 1.531  ; 1.531  ; Fall       ; enM             ;
;  s[0]     ; enM        ; -2.249 ; -2.249 ; Fall       ; enM             ;
;  s[1]     ; enM        ; -2.381 ; -2.381 ; Fall       ; enM             ;
;  s[2]     ; enM        ; 1.531  ; 1.531  ; Fall       ; enM             ;
;  s[3]     ; enM        ; 1.435  ; 1.435  ; Fall       ; enM             ;
+-----------+------------+--------+--------+------------+-----------------+


+-------------------------------------------------------------------------+
; Hold Times                                                              ;
+-----------+------------+--------+--------+------------+-----------------+
; Data Port ; Clock Port ; Rise   ; Fall   ; Clock Edge ; Clock Reference ;
+-----------+------------+--------+--------+------------+-----------------+
; s[*]      ; enM        ; 2.611  ; 2.611  ; Fall       ; enM             ;
;  s[0]     ; enM        ; 2.479  ; 2.479  ; Fall       ; enM             ;
;  s[1]     ; enM        ; 2.611  ; 2.611  ; Fall       ; enM             ;
;  s[2]     ; enM        ; -1.301 ; -1.301 ; Fall       ; enM             ;
;  s[3]     ; enM        ; -1.205 ; -1.205 ; Fall       ; enM             ;
+-----------+------------+--------+--------+------------+-----------------+


+-------------------------------------------------------------------------+
; Clock to Output Times                                                   ;
+-----------+------------+--------+--------+------------+-----------------+
; Data Port ; Clock Port ; Rise   ; Fall   ; Clock Edge ; Clock Reference ;
+-----------+------------+--------+--------+------------+-----------------+
; Sp        ; enM        ; 6.416  ; 6.416  ; Rise       ; enM             ;
; Sc        ; enM        ; 10.353 ; 10.353 ; Fall       ; enM             ;
+-----------+------------+--------+--------+------------+-----------------+


+-----------------------------------------------------------------------+
; Minimum Clock to Output Times                                         ;
+-----------+------------+-------+-------+------------+-----------------+
; Data Port ; Clock Port ; Rise  ; Fall  ; Clock Edge ; Clock Reference ;
+-----------+------------+-------+-------+------------+-----------------+
; Sp        ; enM        ; 6.416 ; 6.416 ; Rise       ; enM             ;
; Sc        ; enM        ; 9.665 ; 9.665 ; Fall       ; enM             ;
+-----------+------------+-------+-------+------------+-----------------+


+--------------------------------------------------------------+
; Propagation Delay                                            ;
+------------+-------------+--------+--------+--------+--------+
; Input Port ; Output Port ; RR     ; RF     ; FR     ; FF     ;
+------------+-------------+--------+--------+--------+--------+
; s[0]       ; Sc          ; 6.931  ; 6.931  ; 6.931  ; 6.931  ;
; s[1]       ; Sc          ; 6.661  ; 6.661  ; 6.661  ; 6.661  ;
; s[2]       ; Sc          ; 10.962 ; 10.962 ; 10.962 ; 10.962 ;
; s[3]       ; Sc          ; 10.733 ; 10.733 ; 10.733 ; 10.733 ;
+------------+-------------+--------+--------+--------+--------+


+--------------------------------------------------------------+
; Minimum Propagation Delay                                    ;
+------------+-------------+--------+--------+--------+--------+
; Input Port ; Output Port ; RR     ; RF     ; FR     ; FF     ;
+------------+-------------+--------+--------+--------+--------+
; s[0]       ; Sc          ; 6.931  ; 6.931  ; 6.931  ; 6.931  ;
; s[1]       ; Sc          ; 6.661  ; 6.661  ; 6.661  ; 6.661  ;
; s[2]       ; Sc          ; 10.962 ; 10.962 ; 10.962 ; 10.962 ;
; s[3]       ; Sc          ; 10.733 ; 10.733 ; 10.733 ; 10.733 ;
+------------+-------------+--------+--------+--------+--------+


----------------------------
; Fast Model Setup Summary ;
----------------------------
No paths to report.


---------------------------
; Fast Model Hold Summary ;
---------------------------
No paths to report.


+-------------------------------+
; Fast Model Recovery Summary   ;
+-------+-------+---------------+
; Clock ; Slack ; End Point TNS ;
+-------+-------+---------------+
; enM   ; 0.461 ; 0.000         ;
+-------+-------+---------------+


+--------------------------------+
; Fast Model Removal Summary     ;
+-------+--------+---------------+
; Clock ; Slack  ; End Point TNS ;
+-------+--------+---------------+
; enM   ; -0.081 ; -0.324        ;
+-------+--------+---------------+


+----------------------------------------+
; Fast Model Minimum Pulse Width Summary ;
+-------+--------+-----------------------+
; Clock ; Slack  ; End Point TNS         ;
+-------+--------+-----------------------+
; enM   ; -1.222 ; -6.222                ;
+-------+--------+-----------------------+


+----------------------------------------------------------------------------------------------------------------------------+
; Fast Model Recovery: 'enM'                                                                                                 ;
+-------+-----------+----------------------------------+--------------+-------------+--------------+------------+------------+
; Slack ; From Node ; To Node                          ; Launch Clock ; Latch Clock ; Relationship ; Clock Skew ; Data Delay ;
+-------+-----------+----------------------------------+--------------+-------------+--------------+------------+------------+
; 0.461 ; enM       ; Reg4Bits:regSenha1|FF_D:FF_B0|QS ; enM          ; enM         ; 0.500        ; 2.483      ; 2.554      ;
; 0.461 ; enM       ; Reg4Bits:regSenha1|FF_D:FF_B1|QS ; enM          ; enM         ; 0.500        ; 2.483      ; 2.554      ;
; 0.461 ; enM       ; Reg4Bits:regSenha1|FF_D:FF_B2|QS ; enM          ; enM         ; 0.500        ; 2.483      ; 2.554      ;
; 0.461 ; enM       ; Reg4Bits:regSenha1|FF_D:FF_B3|QS ; enM          ; enM         ; 0.500        ; 2.483      ; 2.554      ;
; 0.961 ; enM       ; Reg4Bits:regSenha1|FF_D:FF_B0|QS ; enM          ; enM         ; 1.000        ; 2.483      ; 2.554      ;
; 0.961 ; enM       ; Reg4Bits:regSenha1|FF_D:FF_B1|QS ; enM          ; enM         ; 1.000        ; 2.483      ; 2.554      ;
; 0.961 ; enM       ; Reg4Bits:regSenha1|FF_D:FF_B2|QS ; enM          ; enM         ; 1.000        ; 2.483      ; 2.554      ;
; 0.961 ; enM       ; Reg4Bits:regSenha1|FF_D:FF_B3|QS ; enM          ; enM         ; 1.000        ; 2.483      ; 2.554      ;
+-------+-----------+----------------------------------+--------------+-------------+--------------+------------+------------+


+-----------------------------------------------------------------------------------------------------------------------------+
; Fast Model Removal: 'enM'                                                                                                   ;
+--------+-----------+----------------------------------+--------------+-------------+--------------+------------+------------+
; Slack  ; From Node ; To Node                          ; Launch Clock ; Latch Clock ; Relationship ; Clock Skew ; Data Delay ;
+--------+-----------+----------------------------------+--------------+-------------+--------------+------------+------------+
; -0.081 ; enM       ; Reg4Bits:regSenha1|FF_D:FF_B0|QS ; enM          ; enM         ; 0.000        ; 2.483      ; 2.554      ;
; -0.081 ; enM       ; Reg4Bits:regSenha1|FF_D:FF_B1|QS ; enM          ; enM         ; 0.000        ; 2.483      ; 2.554      ;
; -0.081 ; enM       ; Reg4Bits:regSenha1|FF_D:FF_B2|QS ; enM          ; enM         ; 0.000        ; 2.483      ; 2.554      ;
; -0.081 ; enM       ; Reg4Bits:regSenha1|FF_D:FF_B3|QS ; enM          ; enM         ; 0.000        ; 2.483      ; 2.554      ;
; 0.419  ; enM       ; Reg4Bits:regSenha1|FF_D:FF_B0|QS ; enM          ; enM         ; -0.500       ; 2.483      ; 2.554      ;
; 0.419  ; enM       ; Reg4Bits:regSenha1|FF_D:FF_B1|QS ; enM          ; enM         ; -0.500       ; 2.483      ; 2.554      ;
; 0.419  ; enM       ; Reg4Bits:regSenha1|FF_D:FF_B2|QS ; enM          ; enM         ; -0.500       ; 2.483      ; 2.554      ;
; 0.419  ; enM       ; Reg4Bits:regSenha1|FF_D:FF_B3|QS ; enM          ; enM         ; -0.500       ; 2.483      ; 2.554      ;
+--------+-----------+----------------------------------+--------------+-------------+--------------+------------+------------+


+-------------------------------------------------------------------------------------------------------------------+
; Fast Model Minimum Pulse Width: 'enM'                                                                             ;
+--------+--------------+----------------+------------------+-------+------------+----------------------------------+
; Slack  ; Actual Width ; Required Width ; Type             ; Clock ; Clock Edge ; Target                           ;
+--------+--------------+----------------+------------------+-------+------------+----------------------------------+
; -1.222 ; 1.000        ; 2.222          ; Port Rate        ; enM   ; Rise       ; enM                              ;
; -0.500 ; 0.500        ; 1.000          ; High Pulse Width ; enM   ; Rise       ; AbreFecha:abreFecha1|Sp          ;
; -0.500 ; 0.500        ; 1.000          ; Low Pulse Width  ; enM   ; Rise       ; AbreFecha:abreFecha1|Sp          ;
; -0.500 ; 0.500        ; 1.000          ; High Pulse Width ; enM   ; Fall       ; Reg4Bits:regSenha1|FF_D:FF_B0|QS ;
; -0.500 ; 0.500        ; 1.000          ; Low Pulse Width  ; enM   ; Fall       ; Reg4Bits:regSenha1|FF_D:FF_B0|QS ;
; -0.500 ; 0.500        ; 1.000          ; High Pulse Width ; enM   ; Fall       ; Reg4Bits:regSenha1|FF_D:FF_B1|QS ;
; -0.500 ; 0.500        ; 1.000          ; Low Pulse Width  ; enM   ; Fall       ; Reg4Bits:regSenha1|FF_D:FF_B1|QS ;
; -0.500 ; 0.500        ; 1.000          ; High Pulse Width ; enM   ; Fall       ; Reg4Bits:regSenha1|FF_D:FF_B2|QS ;
; -0.500 ; 0.500        ; 1.000          ; Low Pulse Width  ; enM   ; Fall       ; Reg4Bits:regSenha1|FF_D:FF_B2|QS ;
; -0.500 ; 0.500        ; 1.000          ; High Pulse Width ; enM   ; Fall       ; Reg4Bits:regSenha1|FF_D:FF_B3|QS ;
; -0.500 ; 0.500        ; 1.000          ; Low Pulse Width  ; enM   ; Fall       ; Reg4Bits:regSenha1|FF_D:FF_B3|QS ;
; 0.500  ; 0.500        ; 0.000          ; High Pulse Width ; enM   ; Rise       ; abreFecha1|Sp|clk                ;
; 0.500  ; 0.500        ; 0.000          ; Low Pulse Width  ; enM   ; Rise       ; abreFecha1|Sp|clk                ;
; 0.500  ; 0.500        ; 0.000          ; High Pulse Width ; enM   ; Rise       ; e_fechar|combout                 ;
; 0.500  ; 0.500        ; 0.000          ; Low Pulse Width  ; enM   ; Rise       ; e_fechar|combout                 ;
; 0.500  ; 0.500        ; 0.000          ; High Pulse Width ; enM   ; Rise       ; e_fechar|datad                   ;
; 0.500  ; 0.500        ; 0.000          ; Low Pulse Width  ; enM   ; Rise       ; e_fechar|datad                   ;
; 0.500  ; 0.500        ; 0.000          ; High Pulse Width ; enM   ; Fall       ; e_ss|combout                     ;
; 0.500  ; 0.500        ; 0.000          ; Low Pulse Width  ; enM   ; Fall       ; e_ss|combout                     ;
; 0.500  ; 0.500        ; 0.000          ; High Pulse Width ; enM   ; Rise       ; e_ss|datad                       ;
; 0.500  ; 0.500        ; 0.000          ; Low Pulse Width  ; enM   ; Rise       ; e_ss|datad                       ;
; 0.500  ; 0.500        ; 0.000          ; High Pulse Width ; enM   ; Fall       ; e_ss~clkctrl|inclk[0]            ;
; 0.500  ; 0.500        ; 0.000          ; Low Pulse Width  ; enM   ; Fall       ; e_ss~clkctrl|inclk[0]            ;
; 0.500  ; 0.500        ; 0.000          ; High Pulse Width ; enM   ; Fall       ; e_ss~clkctrl|outclk              ;
; 0.500  ; 0.500        ; 0.000          ; Low Pulse Width  ; enM   ; Fall       ; e_ss~clkctrl|outclk              ;
; 0.500  ; 0.500        ; 0.000          ; High Pulse Width ; enM   ; Rise       ; enM|combout                      ;
; 0.500  ; 0.500        ; 0.000          ; Low Pulse Width  ; enM   ; Rise       ; enM|combout                      ;
; 0.500  ; 0.500        ; 0.000          ; High Pulse Width ; enM   ; Fall       ; regSenha1|FF_B0|QS|clk           ;
; 0.500  ; 0.500        ; 0.000          ; Low Pulse Width  ; enM   ; Fall       ; regSenha1|FF_B0|QS|clk           ;
; 0.500  ; 0.500        ; 0.000          ; High Pulse Width ; enM   ; Fall       ; regSenha1|FF_B1|QS|clk           ;
; 0.500  ; 0.500        ; 0.000          ; Low Pulse Width  ; enM   ; Fall       ; regSenha1|FF_B1|QS|clk           ;
; 0.500  ; 0.500        ; 0.000          ; High Pulse Width ; enM   ; Fall       ; regSenha1|FF_B2|QS|clk           ;
; 0.500  ; 0.500        ; 0.000          ; Low Pulse Width  ; enM   ; Fall       ; regSenha1|FF_B2|QS|clk           ;
; 0.500  ; 0.500        ; 0.000          ; High Pulse Width ; enM   ; Fall       ; regSenha1|FF_B3|QS|clk           ;
; 0.500  ; 0.500        ; 0.000          ; Low Pulse Width  ; enM   ; Fall       ; regSenha1|FF_B3|QS|clk           ;
+--------+--------------+----------------+------------------+-------+------------+----------------------------------+


+-------------------------------------------------------------------------+
; Setup Times                                                             ;
+-----------+------------+--------+--------+------------+-----------------+
; Data Port ; Clock Port ; Rise   ; Fall   ; Clock Edge ; Clock Reference ;
+-----------+------------+--------+--------+------------+-----------------+
; s[*]      ; enM        ; 0.958  ; 0.958  ; Fall       ; enM             ;
;  s[0]     ; enM        ; -1.376 ; -1.376 ; Fall       ; enM             ;
;  s[1]     ; enM        ; -1.459 ; -1.459 ; Fall       ; enM             ;
;  s[2]     ; enM        ; 0.958  ; 0.958  ; Fall       ; enM             ;
;  s[3]     ; enM        ; 0.909  ; 0.909  ; Fall       ; enM             ;
+-----------+------------+--------+--------+------------+-----------------+


+-------------------------------------------------------------------------+
; Hold Times                                                              ;
+-----------+------------+--------+--------+------------+-----------------+
; Data Port ; Clock Port ; Rise   ; Fall   ; Clock Edge ; Clock Reference ;
+-----------+------------+--------+--------+------------+-----------------+
; s[*]      ; enM        ; 1.579  ; 1.579  ; Fall       ; enM             ;
;  s[0]     ; enM        ; 1.496  ; 1.496  ; Fall       ; enM             ;
;  s[1]     ; enM        ; 1.579  ; 1.579  ; Fall       ; enM             ;
;  s[2]     ; enM        ; -0.838 ; -0.838 ; Fall       ; enM             ;
;  s[3]     ; enM        ; -0.789 ; -0.789 ; Fall       ; enM             ;
+-----------+------------+--------+--------+------------+-----------------+


+-----------------------------------------------------------------------+
; Clock to Output Times                                                 ;
+-----------+------------+-------+-------+------------+-----------------+
; Data Port ; Clock Port ; Rise  ; Fall  ; Clock Edge ; Clock Reference ;
+-----------+------------+-------+-------+------------+-----------------+
; Sp        ; enM        ; 3.423 ; 3.423 ; Rise       ; enM             ;
; Sc        ; enM        ; 5.439 ; 5.439 ; Fall       ; enM             ;
+-----------+------------+-------+-------+------------+-----------------+


+-----------------------------------------------------------------------+
; Minimum Clock to Output Times                                         ;
+-----------+------------+-------+-------+------------+-----------------+
; Data Port ; Clock Port ; Rise  ; Fall  ; Clock Edge ; Clock Reference ;
+-----------+------------+-------+-------+------------+-----------------+
; Sp        ; enM        ; 3.423 ; 3.423 ; Rise       ; enM             ;
; Sc        ; enM        ; 5.159 ; 5.159 ; Fall       ; enM             ;
+-----------+------------+-------+-------+------------+-----------------+


+----------------------------------------------------------+
; Propagation Delay                                        ;
+------------+-------------+-------+-------+-------+-------+
; Input Port ; Output Port ; RR    ; RF    ; FR    ; FF    ;
+------------+-------------+-------+-------+-------+-------+
; s[0]       ; Sc          ; 3.481 ; 3.481 ; 3.481 ; 3.481 ;
; s[1]       ; Sc          ; 3.362 ; 3.362 ; 3.362 ; 3.362 ;
; s[2]       ; Sc          ; 5.942 ; 5.942 ; 5.942 ; 5.942 ;
; s[3]       ; Sc          ; 5.861 ; 5.861 ; 5.861 ; 5.861 ;
+------------+-------------+-------+-------+-------+-------+


+----------------------------------------------------------+
; Minimum Propagation Delay                                ;
+------------+-------------+-------+-------+-------+-------+
; Input Port ; Output Port ; RR    ; RF    ; FR    ; FF    ;
+------------+-------------+-------+-------+-------+-------+
; s[0]       ; Sc          ; 3.481 ; 3.481 ; 3.481 ; 3.481 ;
; s[1]       ; Sc          ; 3.362 ; 3.362 ; 3.362 ; 3.362 ;
; s[2]       ; Sc          ; 5.942 ; 5.942 ; 5.942 ; 5.942 ;
; s[3]       ; Sc          ; 5.861 ; 5.861 ; 5.861 ; 5.861 ;
+------------+-------------+-------+-------+-------+-------+


+----------------------------------------------------------------------------+
; Multicorner Timing Analysis Summary                                        ;
+------------------+-------+------+----------+---------+---------------------+
; Clock            ; Setup ; Hold ; Recovery ; Removal ; Minimum Pulse Width ;
+------------------+-------+------+----------+---------+---------------------+
; Worst-case Slack ; N/A   ; N/A  ; 0.005    ; -0.081  ; -1.222              ;
;  enM             ; N/A   ; N/A  ; 0.005    ; -0.081  ; -1.222              ;
; Design-wide TNS  ; 0.0   ; 0.0  ; 0.0      ; -0.324  ; -6.222              ;
;  enM             ; N/A   ; N/A  ; 0.000    ; -0.324  ; -6.222              ;
+------------------+-------+------+----------+---------+---------------------+


+-------------------------------------------------------------------------+
; Setup Times                                                             ;
+-----------+------------+--------+--------+------------+-----------------+
; Data Port ; Clock Port ; Rise   ; Fall   ; Clock Edge ; Clock Reference ;
+-----------+------------+--------+--------+------------+-----------------+
; s[*]      ; enM        ; 1.531  ; 1.531  ; Fall       ; enM             ;
;  s[0]     ; enM        ; -1.376 ; -1.376 ; Fall       ; enM             ;
;  s[1]     ; enM        ; -1.459 ; -1.459 ; Fall       ; enM             ;
;  s[2]     ; enM        ; 1.531  ; 1.531  ; Fall       ; enM             ;
;  s[3]     ; enM        ; 1.435  ; 1.435  ; Fall       ; enM             ;
+-----------+------------+--------+--------+------------+-----------------+


+-------------------------------------------------------------------------+
; Hold Times                                                              ;
+-----------+------------+--------+--------+------------+-----------------+
; Data Port ; Clock Port ; Rise   ; Fall   ; Clock Edge ; Clock Reference ;
+-----------+------------+--------+--------+------------+-----------------+
; s[*]      ; enM        ; 2.611  ; 2.611  ; Fall       ; enM             ;
;  s[0]     ; enM        ; 2.479  ; 2.479  ; Fall       ; enM             ;
;  s[1]     ; enM        ; 2.611  ; 2.611  ; Fall       ; enM             ;
;  s[2]     ; enM        ; -0.838 ; -0.838 ; Fall       ; enM             ;
;  s[3]     ; enM        ; -0.789 ; -0.789 ; Fall       ; enM             ;
+-----------+------------+--------+--------+------------+-----------------+


+-------------------------------------------------------------------------+
; Clock to Output Times                                                   ;
+-----------+------------+--------+--------+------------+-----------------+
; Data Port ; Clock Port ; Rise   ; Fall   ; Clock Edge ; Clock Reference ;
+-----------+------------+--------+--------+------------+-----------------+
; Sp        ; enM        ; 6.416  ; 6.416  ; Rise       ; enM             ;
; Sc        ; enM        ; 10.353 ; 10.353 ; Fall       ; enM             ;
+-----------+------------+--------+--------+------------+-----------------+


+-----------------------------------------------------------------------+
; Minimum Clock to Output Times                                         ;
+-----------+------------+-------+-------+------------+-----------------+
; Data Port ; Clock Port ; Rise  ; Fall  ; Clock Edge ; Clock Reference ;
+-----------+------------+-------+-------+------------+-----------------+
; Sp        ; enM        ; 3.423 ; 3.423 ; Rise       ; enM             ;
; Sc        ; enM        ; 5.159 ; 5.159 ; Fall       ; enM             ;
+-----------+------------+-------+-------+------------+-----------------+


+--------------------------------------------------------------+
; Progagation Delay                                            ;
+------------+-------------+--------+--------+--------+--------+
; Input Port ; Output Port ; RR     ; RF     ; FR     ; FF     ;
+------------+-------------+--------+--------+--------+--------+
; s[0]       ; Sc          ; 6.931  ; 6.931  ; 6.931  ; 6.931  ;
; s[1]       ; Sc          ; 6.661  ; 6.661  ; 6.661  ; 6.661  ;
; s[2]       ; Sc          ; 10.962 ; 10.962 ; 10.962 ; 10.962 ;
; s[3]       ; Sc          ; 10.733 ; 10.733 ; 10.733 ; 10.733 ;
+------------+-------------+--------+--------+--------+--------+


+----------------------------------------------------------+
; Minimum Progagation Delay                                ;
+------------+-------------+-------+-------+-------+-------+
; Input Port ; Output Port ; RR    ; RF    ; FR    ; FF    ;
+------------+-------------+-------+-------+-------+-------+
; s[0]       ; Sc          ; 3.481 ; 3.481 ; 3.481 ; 3.481 ;
; s[1]       ; Sc          ; 3.362 ; 3.362 ; 3.362 ; 3.362 ;
; s[2]       ; Sc          ; 5.942 ; 5.942 ; 5.942 ; 5.942 ;
; s[3]       ; Sc          ; 5.861 ; 5.861 ; 5.861 ; 5.861 ;
+------------+-------------+-------+-------+-------+-------+


+-------------------------------------------------------------------+
; Recovery Transfers                                                ;
+------------+----------+----------+----------+----------+----------+
; From Clock ; To Clock ; RR Paths ; FR Paths ; RF Paths ; FF Paths ;
+------------+----------+----------+----------+----------+----------+
; enM        ; enM      ; 0        ; 0        ; 4        ; 4        ;
+------------+----------+----------+----------+----------+----------+
Entries labeled "false path" only account for clock-to-clock false paths and not path-based false paths. As a result, actual path counts may be lower than reported.


+-------------------------------------------------------------------+
; Removal Transfers                                                 ;
+------------+----------+----------+----------+----------+----------+
; From Clock ; To Clock ; RR Paths ; FR Paths ; RF Paths ; FF Paths ;
+------------+----------+----------+----------+----------+----------+
; enM        ; enM      ; 0        ; 0        ; 4        ; 4        ;
+------------+----------+----------+----------+----------+----------+
Entries labeled "false path" only account for clock-to-clock false paths and not path-based false paths. As a result, actual path counts may be lower than reported.


---------------
; Report TCCS ;
---------------
No dedicated SERDES Transmitter circuitry present in device or used in design


---------------
; Report RSKM ;
---------------
No dedicated SERDES Receiver circuitry present in device or used in design


+------------------------------------------------+
; Unconstrained Paths                            ;
+---------------------------------+-------+------+
; Property                        ; Setup ; Hold ;
+---------------------------------+-------+------+
; Illegal Clocks                  ; 0     ; 0    ;
; Unconstrained Clocks            ; 0     ; 0    ;
; Unconstrained Input Ports       ; 6     ; 6    ;
; Unconstrained Input Port Paths  ; 13    ; 13   ;
; Unconstrained Output Ports      ; 2     ; 2    ;
; Unconstrained Output Port Paths ; 9     ; 9    ;
+---------------------------------+-------+------+


+------------------------------------+
; TimeQuest Timing Analyzer Messages ;
+------------------------------------+
Info: *******************************************************************
Info: Running Quartus II 64-Bit TimeQuest Timing Analyzer
    Info: Version 13.0.0 Build 156 04/24/2013 SJ Web Edition
    Info: Processing started: Thu Nov 23 01:19:12 2017
Info: Command: quartus_sta Armario -c Armario
Info: qsta_default_script.tcl version: #1
Warning (20028): Parallel compilation is not licensed and has been disabled
Info (21077): Low junction temperature is 0 degrees C
Info (21077): High junction temperature is 85 degrees C
Critical Warning (332012): Synopsys Design Constraints File file not found: 'Armario.sdc'. A Synopsys Design Constraints File is required by the TimeQuest Timing Analyzer to get proper timing constraints. Without it, the Compiler will not properly optimize the design.
Info (332142): No user constrained base clocks found in the design. Calling "derive_clocks -period 1.0"
Info (332105): Deriving Clocks
    Info (332105): create_clock -period 1.000 -name enM enM
Info: Found TIMEQUEST_REPORT_SCRIPT_INCLUDE_DEFAULT_ANALYSIS = ON
Info: Analyzing Slow Model
Info (332140): No fmax paths to report
Info (332140): No Setup paths to report
Info (332140): No Hold paths to report
Info (332146): Worst-case recovery slack is 0.005
    Info (332119):     Slack End Point TNS Clock 
    Info (332119): ========= ============= =====================
    Info (332119):     0.005         0.000 enM 
Info (332146): Worst-case removal slack is 0.265
    Info (332119):     Slack End Point TNS Clock 
    Info (332119): ========= ============= =====================
    Info (332119):     0.265         0.000 enM 
Critical Warning (332148): Timing requirements not met
Info (332146): Worst-case minimum pulse width slack is -1.222
    Info (332119):     Slack End Point TNS Clock 
    Info (332119): ========= ============= =====================
    Info (332119):    -1.222        -6.222 enM 
Info (332001): The selected device family is not supported by the report_metastability command.
Info: Analyzing Fast Model
Info (332140): No Setup paths to report
Info (332140): No Hold paths to report
Info (332146): Worst-case recovery slack is 0.461
    Info (332119):     Slack End Point TNS Clock 
    Info (332119): ========= ============= =====================
    Info (332119):     0.461         0.000 enM 
Critical Warning (332148): Timing requirements not met
Info (332146): Worst-case removal slack is -0.081
    Info (332119):     Slack End Point TNS Clock 
    Info (332119): ========= ============= =====================
    Info (332119):    -0.081        -0.324 enM 
Info (332146): Worst-case minimum pulse width slack is -1.222
    Info (332119):     Slack End Point TNS Clock 
    Info (332119): ========= ============= =====================
    Info (332119):    -1.222        -6.222 enM 
Info (332001): The selected device family is not supported by the report_metastability command.
Info (332102): Design is not fully constrained for setup requirements
Info (332102): Design is not fully constrained for hold requirements
Info: Quartus II 64-Bit TimeQuest Timing Analyzer was successful. 0 errors, 4 warnings
    Info: Peak virtual memory: 459 megabytes
    Info: Processing ended: Thu Nov 23 01:19:13 2017
    Info: Elapsed time: 00:00:01
    Info: Total CPU time (on all processors): 00:00:01


